Log file open, 08/09/17 22:34:54
LogWindows: LoadLibraryWithSearchPaths failed for file aqProf.dll. GetLastError=0
LogWindows: LoadLibraryWithSearchPaths failed for file VtuneApi.dll. GetLastError=0
LogWindows: LoadLibraryWithSearchPaths failed for file VtuneApi32e.dll. GetLastError=0
LogInit: Display: Running engine for game: RoRC
LogPlatformFile: Not using cached read wrapper
LogInit: Display: RandInit(-1332658880) SRandInit(-1332658880).
LogTaskGraph: Started task graph with 5 named threads and 14 total threads with 3 sets of task threads.
LogStats: Stats thread started at 0.158775
LogD3D11RHI: Aftermath initialized
LogPluginManager: Mounting plugin Paper2D
LogPluginManager: Mounting plugin LightPropagationVolume
LogPluginManager: Mounting plugin CodeLiteSourceCodeAccess
LogPluginManager: Mounting plugin GitSourceControl
LogPluginManager: Mounting plugin KDevelopSourceCodeAccess
LogPluginManager: Mounting plugin NullSourceCodeAccess
LogPluginManager: Mounting plugin PerforceSourceControl
LogPluginManager: Mounting plugin SubversionSourceControl
LogPluginManager: Mounting plugin UObjectPlugin
LogPluginManager: Mounting plugin VisualStudioSourceCodeAccess
LogPluginManager: Mounting plugin XCodeSourceCodeAccess
LogPluginManager: Mounting plugin AssetManagerEditor
LogPluginManager: Mounting plugin AudioCapture
LogPluginManager: Mounting plugin FacialAnimation
LogPluginManager: Mounting plugin GameplayTagsEditor
LogPluginManager: Mounting plugin MobileLauncherProfileWizard
LogPluginManager: Mounting plugin PluginBrowser
LogPluginManager: Mounting plugin SpeedTreeImporter
LogPluginManager: Mounting plugin AlembicImporter
LogPluginManager: Mounting plugin CharacterAI
LogPluginManager: Mounting plugin HTML5Networking
LogPluginManager: Mounting plugin AndroidMedia
LogPluginManager: Mounting plugin AvfMedia
LogPluginManager: Mounting plugin MediaPlayerEditor
LogPluginManager: Mounting plugin WmfMedia
LogPluginManager: Mounting plugin TcpMessaging
LogPluginManager: Mounting plugin UdpMessaging
LogPluginManager: Mounting plugin LevelSequenceEditor
LogPluginManager: Mounting plugin MatineeToLevelSequence
LogPluginManager: Mounting plugin OnlineSubsystemGooglePlay
LogPluginManager: Mounting plugin OnlineSubsystemIOS
LogPluginManager: Mounting plugin OnlineSubsystem
LogPluginManager: Mounting plugin OnlineSubsystemNull
LogPluginManager: Mounting plugin OnlineSubsystemUtils
LogPluginManager: Mounting plugin AndroidDeviceProfileSelector
LogPluginManager: Mounting plugin AndroidMoviePlayer
LogPluginManager: Mounting plugin AndroidPermission
LogPluginManager: Mounting plugin AppleMoviePlayer
LogPluginManager: Mounting plugin ArchVisCharacter
LogPluginManager: Mounting plugin CableComponent
LogPluginManager: Mounting plugin CustomMeshComponent
LogPluginManager: Mounting plugin ExampleDeviceProfileSelector
LogPluginManager: Mounting plugin GoogleCloudMessaging
LogPluginManager: Mounting plugin ImmediatePhysics
LogPluginManager: Mounting plugin IOSDeviceProfileSelector
LogPluginManager: Mounting plugin LinuxDeviceProfileSelector
LogPluginManager: Mounting plugin LocationServicesBPLibrary
LogPluginManager: Mounting plugin MobilePatchingUtils
LogPluginManager: Mounting plugin OculusVR
LogPluginManager: Mounting plugin PhysXVehicles
LogPluginManager: Mounting plugin ProceduralMeshComponent
LogPluginManager: Mounting plugin RuntimePhysXCooking
LogPluginManager: Mounting plugin SteamVR
LogPluginManager: Mounting plugin WindowsMoviePlayer
LogInit: Using libcurl 7.47.1
LogInit:  - built for x86_64-pc-win32
LogInit:  - supports SSL with OpenSSL/1.0.2g
LogInit:  - supports HTTP deflate (compression) using libz 1.2.8
LogInit:  - other features:
LogInit:      CURL_VERSION_SSL
LogInit:      CURL_VERSION_LIBZ
LogInit:      CURL_VERSION_IPV6
LogInit:      CURL_VERSION_ASYNCHDNS
LogInit:      CURL_VERSION_LARGEFILE
LogInit:      CURL_VERSION_IDN
LogInit:  CurlRequestOptions (configurable via config and command line):
LogInit:  - bVerifyPeer = false  - Libcurl will NOT verify peer certificate
LogInit:  - bUseHttpProxy = false  - Libcurl will NOT use HTTP proxy
LogInit:  - bDontReuseConnections = false  - Libcurl will reuse connections
LogInit:  - CertBundlePath = nullptr  - Libcurl will use whatever was configured at build time.
LogInit: Build: ++UE4+Release-4.17-CL-3573198
LogInit: Engine Version: 4.17.0-3573198+++UE4+Release-4.17
LogInit: Compatible Engine Version: 4.17.0-3573198+++UE4+Release-4.17
LogInit: Net CL: 3573198
LogDevObjectVersion: Number of dev versions registered: 16
LogDevObjectVersion:   Dev-Blueprints (B0D832E4-1F89-4F0D-ACCF-7EB736FD4AA2): 10
LogDevObjectVersion:   Dev-Build (E1C64328-A22C-4D53-A36C-8E866417BD8C): 0
LogDevObjectVersion:   Dev-Core (375EC13C-06E4-48FB-B500-84F0262A717E): 2
LogDevObjectVersion:   Dev-Editor (E4B068ED-F494-42E9-A231-DA0B2E46BB41): 20
LogDevObjectVersion:   Dev-Framework (CFFC743F-43B0-4480-9391-14DF171D2073): 28
LogDevObjectVersion:   Dev-Mobile (B02B49B5-BB20-44E9-A304-32B752E40360): 0
LogDevObjectVersion:   Dev-Networking (A4E4105C-59A1-49B5-A7C5-40C4547EDFEE): 0
LogDevObjectVersion:   Dev-Online (39C831C9-5AE6-47DC-9A44-9C173E1C8E7C): 0
LogDevObjectVersion:   Dev-Physics (78F01B33-EBEA-4F98-B9B4-84EACCB95AA2): 0
LogDevObjectVersion:   Dev-Platform (6631380F-2D4D-43E0-8009-CF276956A95A): 0
LogDevObjectVersion:   Dev-Rendering (12F88B9F-8875-4AFC-A67C-D90C383ABD29): 19
LogDevObjectVersion:   Dev-Sequencer (7B5AE74C-D270-4C10-A958-57980B212A5A): 4
LogDevObjectVersion:   Dev-VR (D7296918-1DD6-4BDD-9DE2-64A83CC13884): 0
LogDevObjectVersion:   Dev-LoadTimes (C2A15278-BFE7-4AFE-6C17-90FF531DF755): 1
LogDevObjectVersion:   Private-Geometry (6EACA3D4-40EC-4CC1-B786-8BED09428FC5): 1
LogDevObjectVersion:   Dev-AnimPhys (29E575DD-E0A3-4627-9D10-D276232CDCEA): 7
LogInit: Compiled (64-bit): Aug  4 2017 16:30:33
LogInit: Compiled with Visual C++: 19.00.24215.01
LogInit: Build Configuration: Development
LogInit: Branch Name: ++UE4+Release-4.17
LogInit: Command line:  
LogInit: Base directory: E:/Epic Games/UE_4.17/Engine/Binaries/Win64/
LogInit: Installed Engine Build: 1
LogInit: Presizing for max 8388607 objects, including 0 objects not considered by GC, pre-allocating 0 bytes for permanent pool.
LogInit: Object subsystem initialized
[2017.08.10-02.34.55:412][  0]LogInit: Selected Device Profile: [Windows]
[2017.08.10-02.34.55:412][  0]LogInit: Applying CVar settings loaded from the selected device profile: [Windows]
[2017.08.10-02.34.55:422][  0]LogInit: Computer: SIMON-PC
[2017.08.10-02.34.55:422][  0]LogInit: User: Simon
[2017.08.10-02.34.55:422][  0]LogInit: CPU Page size=4096, Cores=4
[2017.08.10-02.34.55:422][  0]LogInit: High frequency timer resolution =3.515664 MHz
[2017.08.10-02.34.55:422][  0]LogMemory: Memory total: Physical=15.9GB (16GB approx)
[2017.08.10-02.34.55:422][  0]LogMemory: Platform Memory Stats for Windows
[2017.08.10-02.34.55:422][  0]LogMemory: Process Physical Memory: 279.25 MB used, 279.25 MB peak
[2017.08.10-02.34.55:422][  0]LogMemory: Process Virtual Memory: 277.26 MB used, 277.26 MB peak
[2017.08.10-02.34.55:422][  0]LogMemory: Physical Memory: 7504.29 MB used,  8828.32 MB free, 16332.62 MB total
[2017.08.10-02.34.55:422][  0]LogMemory: Virtual Memory: 656.11 MB used,  8828.32 MB free, 8388608.00 MB total
[2017.08.10-02.34.55:542][  0]LogInit: Using OS detected language (en-US).
[2017.08.10-02.34.55:542][  0]LogInit: Using OS detected locale (en-US).
[2017.08.10-02.34.55:548][  0]LogTextLocalizationManager: No specific localization for 'en-US' exists, so the 'en' localization will be used.
[2017.08.10-02.34.56:320][  0]LogD3D11RHI: D3D11 adapters:
[2017.08.10-02.34.56:862][  0]LogD3D11RHI:    0. 'NVIDIA GeForce GTX 970' (Feature Level 11_0)
[2017.08.10-02.34.56:862][  0]LogD3D11RHI:       4008/0/7910 MB DedicatedVideo/DedicatedSystem/SharedSystem, Outputs:2, VendorId:0x10de
[2017.08.10-02.34.56:862][  0]LogD3D11RHI: Chosen D3D11 Adapter: 0
[2017.08.10-02.34.56:867][  0]LogD3D11RHI: Creating new Direct3DDevice
[2017.08.10-02.34.56:867][  0]LogD3D11RHI:     GPU DeviceId: 0x13c2 (for the marketing name, search the web for "GPU Device Id")
[2017.08.10-02.34.56:867][  0]LogWindows: EnumDisplayDevices:
[2017.08.10-02.34.56:867][  0]LogWindows:    0. 'NVIDIA GeForce GTX 970' (P:1 D:1)
[2017.08.10-02.34.56:868][  0]LogWindows:    1. 'NVIDIA GeForce GTX 970' (P:0 D:1)
[2017.08.10-02.34.56:868][  0]LogWindows:    2. 'NVIDIA GeForce GTX 970' (P:0 D:0)
[2017.08.10-02.34.56:868][  0]LogWindows:    3. 'NVIDIA GeForce GTX 970' (P:0 D:0)
[2017.08.10-02.34.56:868][  0]LogWindows:    4. 'RDPDD Chained DD' (P:0 D:0)
[2017.08.10-02.34.56:868][  0]LogWindows:    5. 'RDP Encoder Mirror Driver' (P:0 D:0)
[2017.08.10-02.34.56:868][  0]LogWindows:    6. 'RDP Reflector Display Driver' (P:0 D:0)
[2017.08.10-02.34.56:868][  0]LogWindows: DebugString: GetVideoDriverDetailsInvalid PrimaryIsNotTheChoosenAdapter GetVideoDriverDetailsInvalid PrimaryIsNotTheChoosenAdapter GetVideoDriverDetailsInvalid PrimaryIsNotTheChoosenAdapter FoundDriverCount:4 
[2017.08.10-02.34.56:868][  0]LogD3D11RHI:     Adapter Name: NVIDIA GeForce GTX 970
[2017.08.10-02.34.56:868][  0]LogD3D11RHI:   Driver Version: 382.33 (internal:22.21.13.8233, unified:382.33)
[2017.08.10-02.34.56:868][  0]LogD3D11RHI:      Driver Date: 5-17-2017
[2017.08.10-02.34.56:868][  0]LogRHI: Texture pool is 1361 MB (70% of 1945 MB)
[2017.08.10-02.34.57:399][  0]LogD3D11RHI: Async texture creation enabled
[2017.08.10-02.34.57:430][  0]LogD3D11RHI: GPU Timing Frequency: 1000.000000 (Debug: 2 2)
[2017.08.10-02.34.57:478][  0]LogShaderCompilers: Guid format shader working directory is 15 characters bigger than the processId version (../../../../../Personal/UE/RoRC/Intermediate/Shaders/WorkingDirectory/7824/).
[2017.08.10-02.34.57:478][  0]LogShaderCompilers: Cleaned the shader compiler working directory 'C:/Users/Simon/AppData/Local/Temp/UnrealShaderWorkingDir/8B868AA642FA96960935ECBBA31BEAC9/'.
[2017.08.10-02.34.57:478][  0]LogShaderCompilers: Display: Using Local Shader Compiler.
[2017.08.10-02.34.58:501][  0]LogTemp: Display: Loaded TP AllDesktopTargetPlatform
[2017.08.10-02.34.58:542][  0]LogTemp: Display: Loaded TP MacClientTargetPlatform
[2017.08.10-02.34.58:580][  0]LogTemp: Display: Loaded TP MacNoEditorTargetPlatform
[2017.08.10-02.34.58:621][  0]LogTemp: Display: Loaded TP MacServerTargetPlatform
[2017.08.10-02.34.58:662][  0]LogTemp: Display: Loaded TP MacTargetPlatform
[2017.08.10-02.34.58:701][  0]LogTemp: Display: Loaded TP WindowsClientTargetPlatform
[2017.08.10-02.34.58:742][  0]LogTemp: Display: Loaded TP WindowsNoEditorTargetPlatform
[2017.08.10-02.34.58:781][  0]LogTemp: Display: Loaded TP WindowsServerTargetPlatform
[2017.08.10-02.34.58:814][  0]LogTemp: Display: Loaded TP WindowsTargetPlatform
[2017.08.10-02.34.58:854][  0]LogTemp: Display: Loaded TP AndroidTargetPlatform
[2017.08.10-02.34.58:893][  0]LogTemp: Display: Loaded TP Android_ASTCTargetPlatform
[2017.08.10-02.34.58:932][  0]LogTemp: Display: Loaded TP Android_ATCTargetPlatform
[2017.08.10-02.34.58:972][  0]LogTemp: Display: Loaded TP Android_DXTTargetPlatform
[2017.08.10-02.34.59:012][  0]LogTemp: Display: Loaded TP Android_ETC1TargetPlatform
[2017.08.10-02.34.59:052][  0]LogTemp: Display: Loaded TP Android_ETC2TargetPlatform
[2017.08.10-02.34.59:131][  0]LogTemp: Display: Loaded TP Android_MultiTargetPlatform
[2017.08.10-02.34.59:131][  0]LogTemp: Display: Loaded TP Android_PVRTCTargetPlatform
[2017.08.10-02.34.59:159][  0]LogTemp: Display: Loaded TP HTML5TargetPlatform
[2017.08.10-02.34.59:231][  0]LogTemp: Display: Loaded TP IOSTargetPlatform
[2017.08.10-02.34.59:250][  0]LogTemp: Display: Loaded TP TVOSTargetPlatform
[2017.08.10-02.34.59:288][  0]LogTemp: Display: Loaded TP LinuxClientTargetPlatform
[2017.08.10-02.34.59:327][  0]LogTemp: Display: Loaded TP LinuxNoEditorTargetPlatform
[2017.08.10-02.34.59:365][  0]LogTemp: Display: Loaded TP LinuxServerTargetPlatform
[2017.08.10-02.34.59:406][  0]LogTemp: Display: Loaded TP LinuxTargetPlatform
[2017.08.10-02.34.59:406][  0]LogTargetPlatformManager: Display: Building Assets For Windows
[2017.08.10-02.34.59:724][  0]LogDerivedDataCache: Display: Max Cache Size: 512 MB
[2017.08.10-02.34.59:816][  0]LogDerivedDataCache: Loaded boot cache 0.09s 93MB C:/Users/Simon/AppData/Local/UnrealEngine/4.17/DerivedDataCache/Boot.ddc.
[2017.08.10-02.34.59:816][  0]LogDerivedDataCache: Display: Loaded Boot cache: C:/Users/Simon/AppData/Local/UnrealEngine/4.17/DerivedDataCache/Boot.ddc
[2017.08.10-02.34.59:816][  0]LogDerivedDataCache: FDerivedDataBackendGraph:  Pak pak cache file ../../../../../Personal/UE/RoRC/DerivedDataCache/DDC.ddp not found, will not use a pak cache.
[2017.08.10-02.34.59:816][  0]LogDerivedDataCache: Unable to find inner node Pak for hierarchical cache Hierarchy.
[2017.08.10-02.34.59:816][  0]LogDerivedDataCache: FDerivedDataBackendGraph:  CompressedPak pak cache file ../../../../../Personal/UE/RoRC/DerivedDataCache/Compressed.ddp not found, will not use a pak cache.
[2017.08.10-02.34.59:816][  0]LogDerivedDataCache: Unable to find inner node CompressedPak for hierarchical cache Hierarchy.
[2017.08.10-02.34.59:834][  0]LogDerivedDataCache: Display: Pak cache opened for reading ../../../Engine/DerivedDataCache/Compressed.ddp.
[2017.08.10-02.34.59:845][  0]LogDerivedDataCache: Using Local data cache path C:/Users/Simon/AppData/Local/UnrealEngine/Common/DerivedDataCache: Writable
[2017.08.10-02.34.59:857][  0]LogMaterial: Verifying Global Shaders for PCD3D_SM5
[2017.08.10-02.34.59:858][  0]LogSlate: Using Freetype 2.6.0
[2017.08.10-02.34.59:859][  0]LogSlate: SlateFontCache - WITH_FREETYPE: 1, WITH_HARFBUZZ: 1
[2017.08.10-02.34.59:859][  0]LogSlate: SlateFontCache - WITH_FREETYPE: 1, WITH_HARFBUZZ: 1
[2017.08.10-02.35.00:168][  0]LogAssetRegistry: FAssetRegistry took 0.0242 seconds to start up
[2017.08.10-02.35.00:325][  0]LogInit: Selected Device Profile: [Windows]
[2017.08.10-02.35.00:329][  0]LogContentStreaming: Texture pool size is 0.00 MB
[2017.08.10-02.35.00:629][  0]LogSimplygon: Simplygon DLL not present - disabling.
[2017.08.10-02.35.00:658][  0]LogMeshReduction: Using SimplygonSwarm for distributed automatic mesh merging
[2017.08.10-02.35.00:658][  0]LogMeshReduction: Using QuadricMeshReduction for automatic static mesh reduction
[2017.08.10-02.35.00:658][  0]LogMeshReduction: No automatic skeletal mesh reduction module available
[2017.08.10-02.35.00:658][  0]LogMeshReduction: No automatic mesh merging module available
[2017.08.10-02.35.00:658][  0]LogMeshMerging: No automatic mesh merging module available
[2017.08.10-02.35.01:004][  0]LogNetVersion: RoRC , NetCL: 3573198, EngineNetVer: 2, GameNetVer: 0 (Checksum: 3851538802)
[2017.08.10-02.35.01:187][  0]LogPackageLocalizationCache: Processed 5 localized package path(s) for 2 prioritized culture(s) in 0.036119 seconds
[2017.08.10-02.35.01:194][  0]LogUObjectArray: 35825 objects as part of root set at end of initial load.
[2017.08.10-02.35.01:194][  0]LogUObjectAllocator: 7529104 out of 0 bytes used by permanent object pool.
[2017.08.10-02.35.01:194][  0]LogUObjectArray: CloseDisregardForGC: 0/0 objects in disregard for GC pool
[2017.08.10-02.35.01:229][  0]LogInit: WinSock: version 1.1 (2.2), MaxSocks=32767, MaxUdp=65467
[2017.08.10-02.35.03:790][  0]LogTcpMessaging: Initializing TcpMessaging bridge
[2017.08.10-02.35.03:819][  0]LogUdpMessaging: Initializing bridge on interface 0.0.0.0:0 to multicast group 230.0.0.1:6666.
[2017.08.10-02.35.04:496][  0]LogWindows: Error: === Critical error: ===
[2017.08.10-02.35.04:496][  0]LogWindows: Error: 
[2017.08.10-02.35.04:496][  0]LogWindows: Error: Fatal error!
[2017.08.10-02.35.04:496][  0]LogWindows: Error: 
[2017.08.10-02.35.04:496][  0]LogWindows: Error: Unhandled Exception: EXCEPTION_ACCESS_VIOLATION reading address 0x00000834
[2017.08.10-02.35.04:496][  0]LogWindows: Error: 
[2017.08.10-02.35.04:496][  0]LogWindows: Error: UE4Editor-Engine.dll!0x00000000CB671C14
[2017.08.10-02.35.04:496][  0]LogWindows: Error: UE4Editor-RoRC-106.dll!ASNGameMode::ASNGameMode() [e:\personal\ue\rorc\source\rorc\sngamemode.cpp:19]
[2017.08.10-02.35.04:496][  0]LogWindows: Error: UE4Editor-CoreUObject.dll!0x00000000DBA1A442
[2017.08.10-02.35.04:496][  0]LogWindows: Error: UE4Editor-CoreUObject.dll!0x00000000DBC8324B
[2017.08.10-02.35.04:496][  0]LogWindows: Error: UE4Editor-CoreUObject.dll!0x00000000DBC66C73
[2017.08.10-02.35.04:496][  0]LogWindows: Error: UE4Editor-CoreUObject.dll!0x00000000DBA1C157
[2017.08.10-02.35.04:496][  0]LogWindows: Error: UE4Editor-Core.dll!0x00000000DBF88210
[2017.08.10-02.35.04:496][  0]LogWindows: Error: UE4Editor-Core.dll!0x00000000DC1D68C0
[2017.08.10-02.35.04:496][  0]LogWindows: Error: UE4Editor-Projects.dll!0x00000000F883E06D
[2017.08.10-02.35.04:496][  0]LogWindows: Error: UE4Editor-Projects.dll!0x00000000F883E37E
[2017.08.10-02.35.04:496][  0]LogWindows: Error: UE4Editor.exe!0x000000003F5964B1
[2017.08.10-02.35.04:496][  0]LogWindows: Error: UE4Editor.exe!0x000000003F59A7BD
[2017.08.10-02.35.04:496][  0]LogWindows: Error: UE4Editor.exe!0x000000003F59379A
[2017.08.10-02.35.04:496][  0]LogWindows: Error: UE4Editor.exe!0x000000003F5939EA
[2017.08.10-02.35.04:496][  0]LogWindows: Error: UE4Editor.exe!0x000000003F5A02D9
[2017.08.10-02.35.04:496][  0]LogWindows: Error: UE4Editor.exe!0x000000003F5A1C47
[2017.08.10-02.35.04:496][  0]LogWindows: Error: kernel32.dll!0x0000000076E159CD
[2017.08.10-02.35.04:496][  0]LogWindows: Error: ntdll.dll!0x0000000076F4A561
[2017.08.10-02.35.04:496][  0]LogWindows: Error: ntdll.dll!0x0000000076F4A561
[2017.08.10-02.35.04:496][  0]LogWindows: Error: 
[2017.08.10-02.35.04:512][  0]LogExit: Executing StaticShutdownAfterError
[2017.08.10-02.35.04:514][  0]LogWindows: FPlatformMisc::RequestExit(1)
[2017.08.10-02.35.04:514][  0]Log file closed, 08/09/17 22:35:04
